<?xml version="1.0" encoding="UTF-8"?>
<testsuite xmlns:xsi="http://www.w3.org/2001/XMLSchema-instance" xsi:noNamespaceSchemaLocation="https://maven.apache.org/surefire/maven-surefire-plugin/xsd/surefire-test-report-3.0.xsd" version="3.0" name="TestSuite" time="38.522" tests="3" errors="0" skipped="0" failures="1">
  <properties>
[...]
</properties>
  <testcase name="signin" classname="com.bank.testcases.WelcomeTest" time="0.923"/>
  <testcase name="verfyLogin" classname="com.bank.testcases.LoginTest" time="1.562"/>
  <testcase name="verfyLogin" classname="com.bank.testcases.LoginTest" time="1.942">
    <failure message="Tittle does not match expected [Zero - Account Summary] but found [Zero - Log in]" type="java.lang.AssertionError"><![CDATA[java.lang.AssertionError: Tittle does not match expected [Zero - Account Summary] but found [Zero - Log in]
	at com.bank.testcases.LoginTest.verfyLogin(LoginTest.java:40)
]]></failure>
    <system-out><![CDATA[Failure of test cases and its details are : verfyLogin
]]></system-out>
    <system-err><![CDATA[Starting ChromeDriver 81.0.4044.69 (6813546031a4bc83f717a2ef7cd4ac6ec1199132-refs/branch-heads/4044@{#776}) on port 5282
Only local connections are allowed.
Please protect ports used by ChromeDriver and related test frameworks to prevent access by malicious code.
May 23, 2020 4:46:32 PM org.openqa.selenium.remote.ProtocolHandshake createSession
INFO: Detected dialect: W3C
[1590266795.438][SEVERE]: Timed out receiving message from renderer: 0.100
[1590266795.953][SEVERE]: Timed out receiving message from renderer: 0.100
]]></system-err>
  </testcase>
</testsuite>